<?xml version="1.0" encoding="UTF-8"?>
<robot generator="Robot 4.1.2 (Python 3.9.9 on win32)" generated="20211127 23:17:20.968" rpa="false" schemaversion="2">
<suite id="s1" name="Registeration Test" source="C:\Users\Bhata\Documents\work\test-robot\registeration_test.robot">
<test id="s1-t1" name="Open service taker URL">
<kw name="Open Application">
<kw name="Open Browser" library="SeleniumLibrary">
<arg>${URL}</arg>
<arg>${BROWSER}</arg>
<doc>Opens a new browser instance to the optional ``url``.</doc>
<msg timestamp="20211127 23:17:21.133" level="INFO">Opening browser 'gc' to base url 'https://vaccine-haven.herokuapp.com/'.</msg>
<status status="PASS" starttime="20211127 23:17:21.132" endtime="20211127 23:17:27.608"/>
</kw>
<kw name="Set Selenium Speed" library="SeleniumLibrary">
<arg>0.1 seconds</arg>
<doc>Sets the delay that is waited after each Selenium command.</doc>
<status status="PASS" starttime="20211127 23:17:27.608" endtime="20211127 23:17:27.608"/>
</kw>
<status status="PASS" starttime="20211127 23:17:21.132" endtime="20211127 23:17:27.608"/>
</kw>
<kw name="Title Should Be" library="SeleniumLibrary">
<arg>Vaccine Haven</arg>
<doc>Verifies that the current page title equals ``title``.</doc>
<msg timestamp="20211127 23:17:27.727" level="INFO">Page title is 'Vaccine Haven'.</msg>
<status status="PASS" starttime="20211127 23:17:27.609" endtime="20211127 23:17:27.727"/>
</kw>
<status status="PASS" starttime="20211127 23:17:21.132" endtime="20211127 23:17:27.727"/>
</test>
<test id="s1-t2" name="Register on URL">
<kw name="Go To Registeration Page">
<kw name="Click Element" library="SeleniumLibrary">
<arg>identifier=register__link</arg>
<doc>Click the element identified by ``locator``.</doc>
<msg timestamp="20211127 23:17:27.729" level="INFO">Clicking element 'identifier=register__link'.</msg>
<status status="PASS" starttime="20211127 23:17:27.729" endtime="20211127 23:17:28.123"/>
</kw>
<status status="PASS" starttime="20211127 23:17:27.728" endtime="20211127 23:17:28.123"/>
</kw>
<kw name="Page Should Contain" library="SeleniumLibrary">
<arg>Citizen Registration</arg>
<doc>Verifies that current page contains ``text``.</doc>
<msg timestamp="20211127 23:17:28.343" level="INFO">Current page contains text 'Citizen Registration'.</msg>
<status status="PASS" starttime="20211127 23:17:28.123" endtime="20211127 23:17:28.343"/>
</kw>
<kw name="Input Registration Information">
<kw name="Input Text" library="SeleniumLibrary">
<arg>identifier=citizen_id</arg>
<arg>${CITIZEN_ID}</arg>
<doc>Types the given ``text`` into the text field identified by ``locator``.</doc>
<msg timestamp="20211127 23:17:28.344" level="INFO">Typing text '2376900000089' into text field 'identifier=citizen_id'.</msg>
<status status="PASS" starttime="20211127 23:17:28.344" endtime="20211127 23:17:28.898"/>
</kw>
<kw name="Input Text" library="SeleniumLibrary">
<arg>identifier=name</arg>
<arg>${FIRST_NAME}</arg>
<doc>Types the given ``text`` into the text field identified by ``locator``.</doc>
<msg timestamp="20211127 23:17:28.898" level="INFO">Typing text 'Bhatara' into text field 'identifier=name'.</msg>
<status status="PASS" starttime="20211127 23:17:28.898" endtime="20211127 23:17:29.409"/>
</kw>
<kw name="Input Text" library="SeleniumLibrary">
<arg>identifier=surname</arg>
<arg>${LAST_NAME}</arg>
<doc>Types the given ``text`` into the text field identified by ``locator``.</doc>
<msg timestamp="20211127 23:17:29.409" level="INFO">Typing text 'Chaemchan' into text field 'identifier=surname'.</msg>
<status status="PASS" starttime="20211127 23:17:29.409" endtime="20211127 23:17:29.918"/>
</kw>
<kw name="Input Text" library="SeleniumLibrary">
<arg>identifier=birth_date</arg>
<arg>${BIRTH_DATE}</arg>
<doc>Types the given ``text`` into the text field identified by ``locator``.</doc>
<msg timestamp="20211127 23:17:29.918" level="INFO">Typing text '12122000' into text field 'identifier=birth_date'.</msg>
<status status="PASS" starttime="20211127 23:17:29.918" endtime="20211127 23:17:30.411"/>
</kw>
<kw name="Input Text" library="SeleniumLibrary">
<arg>identifier=occupation</arg>
<arg>${OCCUPATION}</arg>
<doc>Types the given ``text`` into the text field identified by ``locator``.</doc>
<msg timestamp="20211127 23:17:30.411" level="INFO">Typing text 'Student' into text field 'identifier=occupation'.</msg>
<status status="PASS" starttime="20211127 23:17:30.411" endtime="20211127 23:17:30.903"/>
</kw>
<kw name="Input Text" library="SeleniumLibrary">
<arg>identifier=phone_number</arg>
<arg>${PHONE_NUMBER}</arg>
<doc>Types the given ``text`` into the text field identified by ``locator``.</doc>
<msg timestamp="20211127 23:17:30.903" level="INFO">Typing text '0819259003' into text field 'identifier=phone_number'.</msg>
<status status="PASS" starttime="20211127 23:17:30.903" endtime="20211127 23:17:31.408"/>
</kw>
<kw name="Input Text" library="SeleniumLibrary">
<arg>identifier=address</arg>
<arg>${ADDRESS}</arg>
<doc>Types the given ``text`` into the text field identified by ``locator``.</doc>
<msg timestamp="20211127 23:17:31.408" level="INFO">Typing text '53/1 moo.1 Bangkrui sai-noi26 Bangsrithong Bangkraui Nonthaburi 11130' into text field 'identifier=address'.</msg>
<status status="PASS" starttime="20211127 23:17:31.408" endtime="20211127 23:17:32.027"/>
</kw>
<status status="PASS" starttime="20211127 23:17:28.343" endtime="20211127 23:17:32.027"/>
</kw>
<kw name="Click Element" library="SeleniumLibrary">
<arg>identifier=register__btn</arg>
<doc>Click the element identified by ``locator``.</doc>
<msg timestamp="20211127 23:17:32.028" level="INFO">Clicking element 'identifier=register__btn'.</msg>
<status status="PASS" starttime="20211127 23:17:32.027" endtime="20211127 23:17:32.376"/>
</kw>
<kw name="Redirect To Home page">
<kw name="Wait Until Page Contains Element" library="SeleniumLibrary">
<arg>identifier=splash-img</arg>
<doc>Waits until the element ``locator`` appears on the current page.</doc>
<status status="PASS" starttime="20211127 23:17:32.377" endtime="20211127 23:17:34.303"/>
</kw>
<kw name="Get Location" library="SeleniumLibrary">
<var>${CURRENT_URL}</var>
<doc>Returns the current browser window URL.</doc>
<msg timestamp="20211127 23:17:34.414" level="INFO">${CURRENT_URL} = https://vaccine-haven.herokuapp.com/</msg>
<status status="PASS" starttime="20211127 23:17:34.303" endtime="20211127 23:17:34.414"/>
</kw>
<kw name="Should Be Equal" library="BuiltIn">
<arg>${CURRENT_URL}</arg>
<arg>${URL}</arg>
<doc>Fails if the given objects are unequal.</doc>
<status status="PASS" starttime="20211127 23:17:34.414" endtime="20211127 23:17:34.414"/>
</kw>
<status status="PASS" starttime="20211127 23:17:32.376" endtime="20211127 23:17:34.414"/>
</kw>
<status status="PASS" starttime="20211127 23:17:27.728" endtime="20211127 23:17:34.415"/>
</test>
<status status="PASS" starttime="20211127 23:17:20.969" endtime="20211127 23:17:34.416"/>
</suite>
<statistics>
<total>
<stat pass="2" fail="0" skip="0">All Tests</stat>
</total>
<tag>
</tag>
<suite>
<stat pass="2" fail="0" skip="0" id="s1" name="Registeration Test">Registeration Test</stat>
</suite>
</statistics>
<errors>
</errors>
</robot>
