<?xml version="1.0" encoding="UTF-8"?>
<robot generator="Robot 4.1.2 (Python 3.9.9 on win32)" generated="20211128 02:17:38.914" rpa="false" schemaversion="2">
<suite id="s1" name="Reserve Vaccine Test" source="C:\Users\Bhata\Documents\work\test-robot\reserve_vaccine_test.robot">
<test id="s1-t1" name="Open service taker URL">
<kw name="Set Selenium Speed" library="SeleniumLibrary">
<arg>0.3 seconds</arg>
<doc>Sets the delay that is waited after each Selenium command.</doc>
<status status="PASS" starttime="20211128 02:17:39.072" endtime="20211128 02:17:39.072"/>
</kw>
<kw name="Open Application">
<kw name="Open Browser" library="SeleniumLibrary">
<arg>${URL}</arg>
<arg>${BROWSER}</arg>
<doc>Opens a new browser instance to the optional ``url``.</doc>
<msg timestamp="20211128 02:17:39.073" level="INFO">Opening browser 'gc' to base url 'https://vaccine-haven.herokuapp.com/'.</msg>
<status status="PASS" starttime="20211128 02:17:39.073" endtime="20211128 02:17:46.141"/>
</kw>
<status status="PASS" starttime="20211128 02:17:39.072" endtime="20211128 02:17:46.141"/>
</kw>
<kw name="Title Should Be" library="SeleniumLibrary">
<arg>Vaccine Haven</arg>
<doc>Verifies that the current page title equals ``title``.</doc>
<msg timestamp="20211128 02:17:46.454" level="INFO">Page title is 'Vaccine Haven'.</msg>
<status status="PASS" starttime="20211128 02:17:46.141" endtime="20211128 02:17:46.454"/>
</kw>
<status status="PASS" starttime="20211128 02:17:39.071" endtime="20211128 02:17:46.454"/>
</test>
<test id="s1-t2" name="Verify user information">
<kw name="Go To Information Page">
<kw name="Click Element" library="SeleniumLibrary">
<arg>identifier=nav__info__link</arg>
<doc>Click the element identified by ``locator``.</doc>
<msg timestamp="20211128 02:17:46.456" level="INFO">Clicking element 'identifier=nav__info__link'.</msg>
<status status="PASS" starttime="20211128 02:17:46.456" endtime="20211128 02:17:47.427"/>
</kw>
<status status="PASS" starttime="20211128 02:17:46.455" endtime="20211128 02:17:47.427"/>
</kw>
<kw name="Input Information">
<kw name="Input Text" library="SeleniumLibrary">
<arg>identifier=citizen_id</arg>
<arg>${CITIZEN_ID}</arg>
<doc>Types the given ``text`` into the text field identified by ``locator``.</doc>
<msg timestamp="20211128 02:17:47.428" level="INFO">Typing text '2376900001189' into text field 'identifier=citizen_id'.</msg>
<status status="PASS" starttime="20211128 02:17:47.428" endtime="20211128 02:17:48.778"/>
</kw>
<kw name="Click Button" library="SeleniumLibrary">
<arg>Submit</arg>
<doc>Clicks the button identified by ``locator``.</doc>
<msg timestamp="20211128 02:17:48.778" level="INFO">Clicking button 'Submit'.</msg>
<status status="PASS" starttime="20211128 02:17:48.778" endtime="20211128 02:17:50.078"/>
</kw>
<status status="PASS" starttime="20211128 02:17:47.427" endtime="20211128 02:17:50.078"/>
</kw>
<kw name="Verify Reservation Information">
<kw name="Page Should Contain Element" library="SeleniumLibrary">
<arg>id:reserve_vaccine_value</arg>
<doc>Verifies that element ``locator`` is found on the current page.</doc>
<kw name="Capture Page Screenshot" library="SeleniumLibrary">
<doc>Takes a screenshot of the current page and embeds it into a log file.</doc>
<msg timestamp="20211128 02:17:51.133" level="INFO" html="true">&lt;/td&gt;&lt;/tr&gt;&lt;tr&gt;&lt;td colspan="3"&gt;&lt;a href="selenium-screenshot-20.png"&gt;&lt;img src="selenium-screenshot-20.png" width="800px"&gt;&lt;/a&gt;</msg>
<status status="PASS" starttime="20211128 02:17:50.737" endtime="20211128 02:17:51.133"/>
</kw>
<msg timestamp="20211128 02:17:51.142" level="FAIL">Page should have contained element 'id:reserve_vaccine_value' but did not.</msg>
<status status="FAIL" starttime="20211128 02:17:50.079" endtime="20211128 02:17:51.142"/>
</kw>
<kw name="Page Should Contain" library="SeleniumLibrary">
<arg>${VACCINE_NAME}</arg>
<doc>Verifies that current page contains ``text``.</doc>
<status status="NOT RUN" starttime="20211128 02:17:51.142" endtime="20211128 02:17:51.142"/>
</kw>
<kw name="Page Should Contain Element" library="SeleniumLibrary">
<arg>id:reserve_site_value</arg>
<doc>Verifies that element ``locator`` is found on the current page.</doc>
<status status="NOT RUN" starttime="20211128 02:17:51.142" endtime="20211128 02:17:51.142"/>
</kw>
<kw name="Page Should Contain" library="SeleniumLibrary">
<arg>${SITE}</arg>
<doc>Verifies that current page contains ``text``.</doc>
<status status="NOT RUN" starttime="20211128 02:17:51.142" endtime="20211128 02:17:51.142"/>
</kw>
<status status="FAIL" starttime="20211128 02:17:50.078" endtime="20211128 02:17:51.143"/>
</kw>
<status status="FAIL" starttime="20211128 02:17:46.455" endtime="20211128 02:17:51.143">Page should have contained element 'id:reserve_vaccine_value' but did not.</status>
</test>
<status status="FAIL" starttime="20211128 02:17:38.914" endtime="20211128 02:17:51.144"/>
</suite>
<statistics>
<total>
<stat pass="1" fail="1" skip="0">All Tests</stat>
</total>
<tag>
</tag>
<suite>
<stat pass="1" fail="1" skip="0" id="s1" name="Reserve Vaccine Test">Reserve Vaccine Test</stat>
</suite>
</statistics>
<errors>
</errors>
</robot>
